<?xml version="1.0" encoding="UTF-8" ?>
<testsuites>
  <testsuite errors="0" failures="1" hostname="Richa-Agrawal" id="0" name="PairingRecordControllerSpec" package="pairingmatrix" tests="1" time="0.193" timestamp="2011-09-12T07:16:44">
      <properties />

      <testcase classname="pairingmatrix.PairingRecordControllerSpec" name="should be able to save pairing record" time="0.191">
          <failure message="Condition not satisfied:  redirectArgs == [ controller:&apos;PairingStaircase&apos;,action:&apos;show&apos;] |            | [:]          false " type="junit.framework.AssertionFailedError">junit.framework.AssertionFailedError: Condition not satisfied:

redirectArgs == [ controller:&apos;PairingStaircase&apos;,action:&apos;show&apos;]
|            |
[:]          false

	at pairingmatrix.PairingRecordControllerSpec.should be able to save pairing record(PairingRecordControllerSpec.groovy:20)
</failure>

      </testcase>

      <system-out><![CDATA[--Output from should be able to save pairing record--
]]></system-out>

      <system-err><![CDATA[--Output from should be able to save pairing record--
]]></system-err>

  </testsuite>
  <testsuite errors="0" failures="0" hostname="Richa-Agrawal" id="1" name="UserListControllerSpec" package="pairingmatrix" tests="2" time="2.082" timestamp="2011-09-12T07:16:42">
      <properties />

      <testcase classname="pairingmatrix.UserListControllerSpec" name="should display user list" time="1.686" />

      <testcase classname="pairingmatrix.UserListControllerSpec" name="should be able to create user" time="0.343" />

      <system-out><![CDATA[--Output from should display user list--
--Output from should be able to create user--
]]></system-out>

      <system-err><![CDATA[--Output from should display user list--
--Output from should be able to create user--
]]></system-err>

  </testsuite>
</testsuites>
