<?xml version="1.0" encoding="UTF-8" ?>
<testsuites>
  <testsuite errors="1" failures="0" hostname="localhost" id="0" name="userListSpec" package="" tests="1" time="11.353" timestamp="2011-09-10T15:55:58">
      <properties />

      <testcase classname="userListSpec" name="should show the existing name list when Names List is clicked" time="11.334">
          <error message="Unable to resolve DisplayListPage as content for HomePage, or as a property on it&apos;s Navigator context" type="geb.error.UnresolvablePropertyException">geb.error.UnresolvablePropertyException: Unable to resolve DisplayListPage as content for HomePage, or as a property on it&apos;s Navigator context
	at geb.content.NavigableSupport.propertyMissing(NavigableSupport.groovy:132)
	at geb.Page.propertyMissing(Page.groovy)
	at geb.Page.getProperty(Page.groovy)
	at geb.Browser.propertyMissing(Browser.groovy:174)
	at geb.Browser.getProperty(Browser.groovy)
	at geb.spock.GebSpec.propertyMissing(GebSpec.groovy:55)
	at userListSpec.should show the existing name list when Names List is clicked(userListSpec.groovy:16)
</error>

      </testcase>

      <system-out><![CDATA[--Output from should show the existing name list when Names List is clicked--
]]></system-out>

      <system-err><![CDATA[--Output from should show the existing name list when Names List is clicked--
]]></system-err>

  </testsuite>
</testsuites>
